{"C:\\Users\\Nitin_Jaryal\\Front Camp\\ReactApp\\Utils\\index.js": {"path":"C:\\Users\\Nitin_Jaryal\\Front Camp\\ReactApp\\Utils\\index.js","statementMap":{"0":{"start":{"line":2,"column":30},"end":{"line":5,"column":1}},"1":{"start":{"line":3,"column":18},"end":{"line":3,"column":57}},"2":{"start":{"line":4,"column":2},"end":{"line":4,"column":17}},"3":{"start":{"line":6,"column":26},"end":{"line":9,"column":1}},"4":{"start":{"line":7,"column":21},"end":{"line":7,"column":96}},"5":{"start":{"line":8,"column":2},"end":{"line":8,"column":20}}},"fnMap":{"0":{"name":"(anonymous_0)","decl":{"start":{"line":2,"column":30},"end":{"line":2,"column":31}},"loc":{"start":{"line":2,"column":51},"end":{"line":5,"column":1}},"line":2},"1":{"name":"(anonymous_1)","decl":{"start":{"line":6,"column":26},"end":{"line":6,"column":27}},"loc":{"start":{"line":6,"column":56},"end":{"line":9,"column":1}},"line":6}},"branchMap":{},"s":{"0":4,"1":5,"2":5,"3":4,"4":3,"5":3},"f":{"0":5,"1":3},"b":{},"_coverageSchema":"43e27e138ebf9cfc5966b082cf9a028302ed4184","hash":"e9998a8d5f5ba8769fb0c7188df2e4571bc904d2"}
,"C:\\Users\\Nitin_Jaryal\\Front Camp\\ReactApp\\src\\Footer\\Footer.js": {"path":"C:\\Users\\Nitin_Jaryal\\Front Camp\\ReactApp\\src\\Footer\\Footer.js","statementMap":{"0":{"start":{"line":4,"column":15},"end":{"line":9,"column":1}},"1":{"start":{"line":5,"column":2},"end":{"line":8,"column":8}}},"fnMap":{"0":{"name":"(anonymous_0)","decl":{"start":{"line":4,"column":15},"end":{"line":4,"column":16}},"loc":{"start":{"line":5,"column":2},"end":{"line":8,"column":8}},"line":5}},"branchMap":{},"s":{"0":1,"1":1},"f":{"0":1},"b":{},"_coverageSchema":"43e27e138ebf9cfc5966b082cf9a028302ed4184","hash":"7c9f07071d55f16f21a6d3039409afc1e600b37d"}
,"C:\\Users\\Nitin_Jaryal\\Front Camp\\ReactApp\\src\\Header\\Header.js": {"path":"C:\\Users\\Nitin_Jaryal\\Front Camp\\ReactApp\\src\\Header\\Header.js","statementMap":{"0":{"start":{"line":4,"column":15},"end":{"line":12,"column":1}},"1":{"start":{"line":5,"column":2},"end":{"line":11,"column":8}}},"fnMap":{"0":{"name":"(anonymous_0)","decl":{"start":{"line":4,"column":15},"end":{"line":4,"column":16}},"loc":{"start":{"line":5,"column":2},"end":{"line":11,"column":8}},"line":5}},"branchMap":{},"s":{"0":1,"1":1},"f":{"0":1},"b":{},"_coverageSchema":"43e27e138ebf9cfc5966b082cf9a028302ed4184","hash":"e7437a40fdce1616b4ec531046c6cc7a2d2a017a"}
,"C:\\Users\\Nitin_Jaryal\\Front Camp\\ReactApp\\src\\Movie\\Movie.js": {"path":"C:\\Users\\Nitin_Jaryal\\Front Camp\\ReactApp\\src\\Movie\\Movie.js","statementMap":{"0":{"start":{"line":9,"column":22},"end":{"line":9,"column":32}},"1":{"start":{"line":10,"column":15},"end":{"line":10,"column":58}},"2":{"start":{"line":11,"column":4},"end":{"line":11,"column":42}},"3":{"start":{"line":15,"column":32},"end":{"line":15,"column":42}},"4":{"start":{"line":16,"column":4},"end":{"line":16,"column":63}},"5":{"start":{"line":20,"column":0},"end":{"line":24,"column":2}},"6":{"start":{"line":26,"column":24},"end":{"line":28,"column":2}},"7":{"start":{"line":26,"column":34},"end":{"line":28,"column":1}},"8":{"start":{"line":30,"column":27},"end":{"line":34,"column":2}},"9":{"start":{"line":30,"column":40},"end":{"line":34,"column":1}},"10":{"start":{"line":32,"column":4},"end":{"line":32,"column":46}}},"fnMap":{"0":{"name":"(anonymous_0)","decl":{"start":{"line":8,"column":2},"end":{"line":8,"column":3}},"loc":{"start":{"line":8,"column":22},"end":{"line":12,"column":3}},"line":8},"1":{"name":"(anonymous_1)","decl":{"start":{"line":14,"column":2},"end":{"line":14,"column":3}},"loc":{"start":{"line":14,"column":11},"end":{"line":17,"column":3}},"line":14},"2":{"name":"(anonymous_2)","decl":{"start":{"line":26,"column":24},"end":{"line":26,"column":25}},"loc":{"start":{"line":26,"column":34},"end":{"line":28,"column":1}},"line":26},"3":{"name":"(anonymous_3)","decl":{"start":{"line":30,"column":27},"end":{"line":30,"column":28}},"loc":{"start":{"line":30,"column":40},"end":{"line":34,"column":1}},"line":30},"4":{"name":"(anonymous_4)","decl":{"start":{"line":31,"column":26},"end":{"line":31,"column":27}},"loc":{"start":{"line":31,"column":39},"end":{"line":33,"column":3}},"line":31}},"branchMap":{"0":{"loc":{"start":{"line":10,"column":15},"end":{"line":10,"column":58}},"type":"cond-expr","locations":[{"start":{"line":10,"column":39},"end":{"line":10,"column":54}},{"start":{"line":10,"column":57},"end":{"line":10,"column":58}}],"line":10},"1":{"loc":{"start":{"line":10,"column":15},"end":{"line":10,"column":36}},"type":"binary-expr","locations":[{"start":{"line":10,"column":15},"end":{"line":10,"column":20}},{"start":{"line":10,"column":24},"end":{"line":10,"column":36}}],"line":10}},"s":{"0":1,"1":1,"2":1,"3":1,"4":1,"5":1,"6":1,"7":0,"8":1,"9":0,"10":0},"f":{"0":1,"1":1,"2":0,"3":0,"4":0},"b":{"0":[0,1],"1":[1,0]},"_coverageSchema":"43e27e138ebf9cfc5966b082cf9a028302ed4184","hash":"46a04584a9bfe020c6ba0c8ea1f5d2bab5d9ab11"}
,"C:\\Users\\Nitin_Jaryal\\Front Camp\\ReactApp\\src\\MovieDetailed\\MovieDetailed.js": {"path":"C:\\Users\\Nitin_Jaryal\\Front Camp\\ReactApp\\src\\MovieDetailed\\MovieDetailed.js","statementMap":{"0":{"start":{"line":7,"column":22},"end":{"line":31,"column":1}},"1":{"start":{"line":8,"column":32},"end":{"line":8,"column":53}},"2":{"start":{"line":9,"column":2},"end":{"line":30,"column":4}},"3":{"start":{"line":32,"column":0},"end":{"line":34,"column":2}}},"fnMap":{"0":{"name":"(anonymous_0)","decl":{"start":{"line":7,"column":22},"end":{"line":7,"column":23}},"loc":{"start":{"line":7,"column":47},"end":{"line":31,"column":1}},"line":7}},"branchMap":{"0":{"loc":{"start":{"line":8,"column":32},"end":{"line":8,"column":53}},"type":"binary-expr","locations":[{"start":{"line":8,"column":32},"end":{"line":8,"column":47}},{"start":{"line":8,"column":51},"end":{"line":8,"column":53}}],"line":8}},"s":{"0":1,"1":0,"2":0,"3":1},"f":{"0":0},"b":{"0":[0,0]},"_coverageSchema":"43e27e138ebf9cfc5966b082cf9a028302ed4184","hash":"4c92483a4763d886e14106d05a986fb07ac41717"}
,"C:\\Users\\Nitin_Jaryal\\Front Camp\\ReactApp\\src\\MovieDetailed\\MovieDetailedActions.js": {"path":"C:\\Users\\Nitin_Jaryal\\Front Camp\\ReactApp\\src\\MovieDetailed\\MovieDetailedActions.js","statementMap":{"0":{"start":{"line":2,"column":43},"end":{"line":2,"column":72}},"1":{"start":{"line":3,"column":43},"end":{"line":3,"column":72}},"2":{"start":{"line":4,"column":38},"end":{"line":4,"column":97}},"3":{"start":{"line":4,"column":50},"end":{"line":4,"column":96}},"4":{"start":{"line":5,"column":41},"end":{"line":6,"column":55}},"5":{"start":{"line":5,"column":61},"end":{"line":6,"column":54}}},"fnMap":{"0":{"name":"(anonymous_0)","decl":{"start":{"line":4,"column":38},"end":{"line":4,"column":39}},"loc":{"start":{"line":4,"column":50},"end":{"line":4,"column":96}},"line":4},"1":{"name":"(anonymous_1)","decl":{"start":{"line":5,"column":41},"end":{"line":5,"column":42}},"loc":{"start":{"line":5,"column":61},"end":{"line":6,"column":54}},"line":5}},"branchMap":{},"s":{"0":1,"1":1,"2":1,"3":0,"4":1,"5":0},"f":{"0":0,"1":0},"b":{},"_coverageSchema":"43e27e138ebf9cfc5966b082cf9a028302ed4184","hash":"a70db336220fb6ed25503d0d0971396d34a196d3"}
,"C:\\Users\\Nitin_Jaryal\\Front Camp\\ReactApp\\src\\NotFound\\NotFound.js": {"path":"C:\\Users\\Nitin_Jaryal\\Front Camp\\ReactApp\\src\\NotFound\\NotFound.js","statementMap":{"0":{"start":{"line":4,"column":17},"end":{"line":8,"column":1}},"1":{"start":{"line":5,"column":2},"end":{"line":7,"column":8}}},"fnMap":{"0":{"name":"(anonymous_0)","decl":{"start":{"line":4,"column":17},"end":{"line":4,"column":18}},"loc":{"start":{"line":5,"column":2},"end":{"line":7,"column":8}},"line":5}},"branchMap":{},"s":{"0":1,"1":1},"f":{"0":1},"b":{},"_coverageSchema":"43e27e138ebf9cfc5966b082cf9a028302ed4184","hash":"554a74f7a70e775431ca72a7aca748ef6889f386"}
,"C:\\Users\\Nitin_Jaryal\\Front Camp\\ReactApp\\src\\Search\\Search.js": {"path":"C:\\Users\\Nitin_Jaryal\\Front Camp\\ReactApp\\src\\Search\\Search.js","statementMap":{"0":{"start":{"line":12,"column":4},"end":{"line":12,"column":17}},"1":{"start":{"line":14,"column":27},"end":{"line":16,"column":3}},"2":{"start":{"line":15,"column":4},"end":{"line":15,"column":48}},"3":{"start":{"line":18,"column":24},"end":{"line":18,"column":34}},"4":{"start":{"line":19,"column":4},"end":{"line":28,"column":6}},"5":{"start":{"line":32,"column":0},"end":{"line":35,"column":2}},"6":{"start":{"line":37,"column":24},"end":{"line":39,"column":2}},"7":{"start":{"line":37,"column":34},"end":{"line":39,"column":1}},"8":{"start":{"line":41,"column":27},"end":{"line":43,"column":4}},"9":{"start":{"line":41,"column":40},"end":{"line":43,"column":3}},"10":{"start":{"line":42,"column":2},"end":{"line":42,"column":41}}},"fnMap":{"0":{"name":"(anonymous_0)","decl":{"start":{"line":11,"column":2},"end":{"line":11,"column":3}},"loc":{"start":{"line":11,"column":21},"end":{"line":13,"column":3}},"line":11},"1":{"name":"(anonymous_1)","decl":{"start":{"line":14,"column":27},"end":{"line":14,"column":28}},"loc":{"start":{"line":14,"column":34},"end":{"line":16,"column":3}},"line":14},"2":{"name":"(anonymous_2)","decl":{"start":{"line":17,"column":2},"end":{"line":17,"column":3}},"loc":{"start":{"line":17,"column":11},"end":{"line":29,"column":3}},"line":17},"3":{"name":"(anonymous_3)","decl":{"start":{"line":37,"column":24},"end":{"line":37,"column":25}},"loc":{"start":{"line":37,"column":34},"end":{"line":39,"column":1}},"line":37},"4":{"name":"(anonymous_4)","decl":{"start":{"line":41,"column":27},"end":{"line":41,"column":28}},"loc":{"start":{"line":41,"column":40},"end":{"line":43,"column":3}},"line":41},"5":{"name":"(anonymous_5)","decl":{"start":{"line":41,"column":59},"end":{"line":41,"column":60}},"loc":{"start":{"line":41,"column":73},"end":{"line":43,"column":1}},"line":41}},"branchMap":{},"s":{"0":2,"1":2,"2":0,"3":2,"4":2,"5":1,"6":1,"7":0,"8":1,"9":0,"10":0},"f":{"0":2,"1":0,"2":2,"3":0,"4":0,"5":0},"b":{},"_coverageSchema":"43e27e138ebf9cfc5966b082cf9a028302ed4184","hash":"85a34f41dba63e7217a3137008c0f1052578fe4c"}
,"C:\\Users\\Nitin_Jaryal\\Front Camp\\ReactApp\\src\\Search\\SearchActions.js": {"path":"C:\\Users\\Nitin_Jaryal\\Front Camp\\ReactApp\\src\\Search\\SearchActions.js","statementMap":{"0":{"start":{"line":2,"column":34},"end":{"line":2,"column":54}},"1":{"start":{"line":4,"column":32},"end":{"line":4,"column":88}},"2":{"start":{"line":4,"column":47},"end":{"line":4,"column":87}}},"fnMap":{"0":{"name":"(anonymous_0)","decl":{"start":{"line":4,"column":32},"end":{"line":4,"column":33}},"loc":{"start":{"line":4,"column":47},"end":{"line":4,"column":87}},"line":4}},"branchMap":{},"s":{"0":1,"1":1,"2":0},"f":{"0":0},"b":{},"_coverageSchema":"43e27e138ebf9cfc5966b082cf9a028302ed4184","hash":"3441845a48cd43e61fc90fee6df287609e7e5274"}
,"C:\\Users\\Nitin_Jaryal\\Front Camp\\ReactApp\\src\\SearchByType\\SearchByType.js": {"path":"C:\\Users\\Nitin_Jaryal\\Front Camp\\ReactApp\\src\\SearchByType\\SearchByType.js","statementMap":{"0":{"start":{"line":9,"column":28},"end":{"line":17,"column":1}},"1":{"start":{"line":12,"column":2},"end":{"line":16,"column":8}},"2":{"start":{"line":18,"column":0},"end":{"line":22,"column":2}},"3":{"start":{"line":23,"column":24},"end":{"line":23,"column":28}},"4":{"start":{"line":25,"column":27},"end":{"line":32,"column":2}},"5":{"start":{"line":25,"column":40},"end":{"line":32,"column":1}},"6":{"start":{"line":27,"column":4},"end":{"line":27,"column":33}},"7":{"start":{"line":30,"column":4},"end":{"line":30,"column":33}}},"fnMap":{"0":{"name":"(anonymous_0)","decl":{"start":{"line":9,"column":28},"end":{"line":9,"column":29}},"loc":{"start":{"line":12,"column":2},"end":{"line":16,"column":8}},"line":12},"1":{"name":"(anonymous_1)","decl":{"start":{"line":25,"column":27},"end":{"line":25,"column":28}},"loc":{"start":{"line":25,"column":40},"end":{"line":32,"column":1}},"line":25},"2":{"name":"(anonymous_2)","decl":{"start":{"line":26,"column":28},"end":{"line":26,"column":29}},"loc":{"start":{"line":26,"column":34},"end":{"line":28,"column":3}},"line":26},"3":{"name":"(anonymous_3)","decl":{"start":{"line":29,"column":28},"end":{"line":29,"column":29}},"loc":{"start":{"line":29,"column":34},"end":{"line":31,"column":3}},"line":29}},"branchMap":{"0":{"loc":{"start":{"line":14,"column":26},"end":{"line":14,"column":84}},"type":"cond-expr","locations":[{"start":{"line":14,"column":53},"end":{"line":14,"column":66}},{"start":{"line":14,"column":69},"end":{"line":14,"column":84}}],"line":14},"1":{"loc":{"start":{"line":15,"column":26},"end":{"line":15,"column":84}},"type":"cond-expr","locations":[{"start":{"line":15,"column":53},"end":{"line":15,"column":66}},{"start":{"line":15,"column":69},"end":{"line":15,"column":84}}],"line":15}},"s":{"0":1,"1":2,"2":1,"3":1,"4":1,"5":0,"6":0,"7":0},"f":{"0":2,"1":0,"2":0,"3":0},"b":{"0":[1,1],"1":[0,2]},"_coverageSchema":"43e27e138ebf9cfc5966b082cf9a028302ed4184","hash":"6d2bbcff81cd1a71d8781fe4a57688c674faba45"}
,"C:\\Users\\Nitin_Jaryal\\Front Camp\\ReactApp\\src\\SearchByType\\SearchByTypeActions.js": {"path":"C:\\Users\\Nitin_Jaryal\\Front Camp\\ReactApp\\src\\SearchByType\\SearchByTypeActions.js","statementMap":{"0":{"start":{"line":1,"column":35},"end":{"line":1,"column":56}},"1":{"start":{"line":2,"column":35},"end":{"line":2,"column":56}},"2":{"start":{"line":4,"column":32},"end":{"line":4,"column":69}},"3":{"start":{"line":4,"column":39},"end":{"line":4,"column":68}},"4":{"start":{"line":5,"column":32},"end":{"line":5,"column":69}},"5":{"start":{"line":5,"column":39},"end":{"line":5,"column":68}}},"fnMap":{"0":{"name":"(anonymous_0)","decl":{"start":{"line":4,"column":32},"end":{"line":4,"column":33}},"loc":{"start":{"line":4,"column":39},"end":{"line":4,"column":68}},"line":4},"1":{"name":"(anonymous_1)","decl":{"start":{"line":5,"column":32},"end":{"line":5,"column":33}},"loc":{"start":{"line":5,"column":39},"end":{"line":5,"column":68}},"line":5}},"branchMap":{},"s":{"0":1,"1":1,"2":1,"3":0,"4":1,"5":0},"f":{"0":0,"1":0},"b":{},"_coverageSchema":"43e27e138ebf9cfc5966b082cf9a028302ed4184","hash":"aa7e4c4fec01156919f0f28ec3e324b70593afe7"}
,"C:\\Users\\Nitin_Jaryal\\Front Camp\\ReactApp\\src\\SearchByType\\SearchByTypeReducer.js": {"path":"C:\\Users\\Nitin_Jaryal\\Front Camp\\ReactApp\\src\\SearchByType\\SearchByTypeReducer.js","statementMap":{"0":{"start":{"line":6,"column":2},"end":{"line":19,"column":3}},"1":{"start":{"line":8,"column":6},"end":{"line":11,"column":8}},"2":{"start":{"line":13,"column":6},"end":{"line":16,"column":8}},"3":{"start":{"line":18,"column":6},"end":{"line":18,"column":19}}},"fnMap":{"0":{"name":"SearchByTypeReducer","decl":{"start":{"line":3,"column":9},"end":{"line":3,"column":28}},"loc":{"start":{"line":5,"column":11},"end":{"line":20,"column":1}},"line":5}},"branchMap":{"0":{"loc":{"start":{"line":3,"column":29},"end":{"line":5,"column":1}},"type":"default-arg","locations":[{"start":{"line":3,"column":37},"end":{"line":5,"column":1}}],"line":3},"1":{"loc":{"start":{"line":6,"column":2},"end":{"line":19,"column":3}},"type":"switch","locations":[{"start":{"line":7,"column":4},"end":{"line":11,"column":8}},{"start":{"line":12,"column":4},"end":{"line":16,"column":8}},{"start":{"line":17,"column":4},"end":{"line":18,"column":19}}],"line":6}},"s":{"0":2,"1":0,"2":1,"3":1},"f":{"0":2},"b":{"0":[2],"1":[0,1,1]},"_coverageSchema":"43e27e138ebf9cfc5966b082cf9a028302ed4184","hash":"621d5fad21af39cfd5097b04057633b01d0fc8e7"}
,"C:\\Users\\Nitin_Jaryal\\Front Camp\\ReactApp\\src\\SortByCategory\\SortByCategory.js": {"path":"C:\\Users\\Nitin_Jaryal\\Front Camp\\ReactApp\\src\\SortByCategory\\SortByCategory.js","statementMap":{"0":{"start":{"line":10,"column":30},"end":{"line":26,"column":1}},"1":{"start":{"line":13,"column":2},"end":{"line":25,"column":8}},"2":{"start":{"line":27,"column":0},"end":{"line":32,"column":2}},"3":{"start":{"line":34,"column":24},"end":{"line":34,"column":28}},"4":{"start":{"line":36,"column":27},"end":{"line":43,"column":2}},"5":{"start":{"line":36,"column":40},"end":{"line":43,"column":1}},"6":{"start":{"line":38,"column":4},"end":{"line":38,"column":32}},"7":{"start":{"line":41,"column":4},"end":{"line":41,"column":37}}},"fnMap":{"0":{"name":"(anonymous_0)","decl":{"start":{"line":10,"column":30},"end":{"line":10,"column":31}},"loc":{"start":{"line":13,"column":2},"end":{"line":25,"column":8}},"line":13},"1":{"name":"(anonymous_1)","decl":{"start":{"line":36,"column":27},"end":{"line":36,"column":28}},"loc":{"start":{"line":36,"column":40},"end":{"line":43,"column":1}},"line":36},"2":{"name":"(anonymous_2)","decl":{"start":{"line":37,"column":27},"end":{"line":37,"column":28}},"loc":{"start":{"line":37,"column":33},"end":{"line":39,"column":3}},"line":37},"3":{"name":"(anonymous_3)","decl":{"start":{"line":40,"column":32},"end":{"line":40,"column":33}},"loc":{"start":{"line":40,"column":38},"end":{"line":42,"column":3}},"line":40}},"branchMap":{"0":{"loc":{"start":{"line":22,"column":77},"end":{"line":22,"column":135}},"type":"cond-expr","locations":[{"start":{"line":22,"column":104},"end":{"line":22,"column":117}},{"start":{"line":22,"column":120},"end":{"line":22,"column":135}}],"line":22},"1":{"loc":{"start":{"line":23,"column":77},"end":{"line":23,"column":134}},"type":"cond-expr","locations":[{"start":{"line":23,"column":103},"end":{"line":23,"column":116}},{"start":{"line":23,"column":119},"end":{"line":23,"column":134}}],"line":23}},"s":{"0":1,"1":4,"2":1,"3":1,"4":1,"5":0,"6":0,"7":0},"f":{"0":4,"1":0,"2":0,"3":0},"b":{"0":[3,1],"1":[0,4]},"_coverageSchema":"43e27e138ebf9cfc5966b082cf9a028302ed4184","hash":"875067bfeb54efa1a8497083cad4615d0e12c009"}
,"C:\\Users\\Nitin_Jaryal\\Front Camp\\ReactApp\\src\\SortByCategory\\SortByCategoryActions.js": {"path":"C:\\Users\\Nitin_Jaryal\\Front Camp\\ReactApp\\src\\SortByCategory\\SortByCategoryActions.js","statementMap":{"0":{"start":{"line":1,"column":34},"end":{"line":1,"column":54}},"1":{"start":{"line":2,"column":39},"end":{"line":2,"column":64}},"2":{"start":{"line":5,"column":31},"end":{"line":5,"column":67}},"3":{"start":{"line":5,"column":38},"end":{"line":5,"column":66}},"4":{"start":{"line":6,"column":36},"end":{"line":6,"column":77}},"5":{"start":{"line":6,"column":43},"end":{"line":6,"column":76}}},"fnMap":{"0":{"name":"(anonymous_0)","decl":{"start":{"line":5,"column":31},"end":{"line":5,"column":32}},"loc":{"start":{"line":5,"column":38},"end":{"line":5,"column":66}},"line":5},"1":{"name":"(anonymous_1)","decl":{"start":{"line":6,"column":36},"end":{"line":6,"column":37}},"loc":{"start":{"line":6,"column":43},"end":{"line":6,"column":76}},"line":6}},"branchMap":{},"s":{"0":1,"1":1,"2":1,"3":0,"4":1,"5":0},"f":{"0":0,"1":0},"b":{},"_coverageSchema":"43e27e138ebf9cfc5966b082cf9a028302ed4184","hash":"32126dd1b8f3f2f1454fed99d792cf5583572da2"}
,"C:\\Users\\Nitin_Jaryal\\Front Camp\\ReactApp\\src\\SortByCategory\\SortByCategoryReducer.js": {"path":"C:\\Users\\Nitin_Jaryal\\Front Camp\\ReactApp\\src\\SortByCategory\\SortByCategoryReducer.js","statementMap":{"0":{"start":{"line":6,"column":2},"end":{"line":19,"column":3}},"1":{"start":{"line":8,"column":6},"end":{"line":11,"column":8}},"2":{"start":{"line":13,"column":6},"end":{"line":16,"column":8}},"3":{"start":{"line":18,"column":6},"end":{"line":18,"column":19}}},"fnMap":{"0":{"name":"SortByCategoryReducer","decl":{"start":{"line":3,"column":9},"end":{"line":3,"column":30}},"loc":{"start":{"line":5,"column":11},"end":{"line":20,"column":1}},"line":5}},"branchMap":{"0":{"loc":{"start":{"line":3,"column":31},"end":{"line":5,"column":1}},"type":"default-arg","locations":[{"start":{"line":3,"column":39},"end":{"line":5,"column":1}}],"line":3},"1":{"loc":{"start":{"line":6,"column":2},"end":{"line":19,"column":3}},"type":"switch","locations":[{"start":{"line":7,"column":4},"end":{"line":11,"column":8}},{"start":{"line":12,"column":4},"end":{"line":16,"column":8}},{"start":{"line":17,"column":4},"end":{"line":18,"column":19}}],"line":6}},"s":{"0":1,"1":0,"2":0,"3":1},"f":{"0":1},"b":{"0":[1],"1":[0,0,1]},"_coverageSchema":"43e27e138ebf9cfc5966b082cf9a028302ed4184","hash":"7f6a73bc827f4e59dcff01692101c867cd5650b6"}
,"C:\\Users\\Nitin_Jaryal\\Front Camp\\ReactApp\\src\\components\\common\\Button.js": {"path":"C:\\Users\\Nitin_Jaryal\\Front Camp\\ReactApp\\src\\components\\common\\Button.js","statementMap":{"0":{"start":{"line":3,"column":15},"end":{"line":3,"column":111}},"1":{"start":{"line":3,"column":43},"end":{"line":3,"column":111}}},"fnMap":{"0":{"name":"(anonymous_0)","decl":{"start":{"line":3,"column":15},"end":{"line":3,"column":16}},"loc":{"start":{"line":3,"column":43},"end":{"line":3,"column":111}},"line":3}},"branchMap":{},"s":{"0":3,"1":0},"f":{"0":0},"b":{},"_coverageSchema":"43e27e138ebf9cfc5966b082cf9a028302ed4184","hash":"c5eebb9c7e7c2800062b3783c99d7d22dd2dbea3"}
}
