TN:
SF:C:\Users\Nitin_Jaryal\Front Camp\ReactApp\Utils\index.js
FN:2,(anonymous_0)
FN:6,(anonymous_1)
FNF:2
FNH:2
FNDA:5,(anonymous_0)
FNDA:3,(anonymous_1)
DA:2,4
DA:3,5
DA:4,5
DA:6,4
DA:7,3
DA:8,3
LF:6
LH:6
BRF:0
BRH:0
end_of_record
TN:
SF:C:\Users\Nitin_Jaryal\Front Camp\ReactApp\src\Footer\Footer.js
FN:4,(anonymous_0)
FNF:1
FNH:1
FNDA:1,(anonymous_0)
DA:4,1
DA:5,1
LF:2
LH:2
BRF:0
BRH:0
end_of_record
TN:
SF:C:\Users\Nitin_Jaryal\Front Camp\ReactApp\src\Header\Header.js
FN:4,(anonymous_0)
FNF:1
FNH:1
FNDA:1,(anonymous_0)
DA:4,1
DA:5,1
LF:2
LH:2
BRF:0
BRH:0
end_of_record
TN:
SF:C:\Users\Nitin_Jaryal\Front Camp\ReactApp\src\Movie\Movie.js
FN:8,(anonymous_0)
FN:14,(anonymous_1)
FN:26,(anonymous_2)
FN:30,(anonymous_3)
FN:31,(anonymous_4)
FNF:5
FNH:2
FNDA:1,(anonymous_0)
FNDA:1,(anonymous_1)
FNDA:0,(anonymous_2)
FNDA:0,(anonymous_3)
FNDA:0,(anonymous_4)
DA:9,1
DA:10,1
DA:11,1
DA:15,1
DA:16,1
DA:20,1
DA:26,1
DA:30,1
DA:32,0
LF:9
LH:8
BRDA:10,0,0,0
BRDA:10,0,1,1
BRDA:10,1,0,1
BRDA:10,1,1,0
BRF:4
BRH:2
end_of_record
TN:
SF:C:\Users\Nitin_Jaryal\Front Camp\ReactApp\src\MovieDetailed\MovieDetailed.js
FN:7,(anonymous_0)
FNF:1
FNH:0
FNDA:0,(anonymous_0)
DA:7,1
DA:8,0
DA:9,0
DA:32,1
LF:4
LH:2
BRDA:8,0,0,0
BRDA:8,0,1,0
BRF:2
BRH:0
end_of_record
TN:
SF:C:\Users\Nitin_Jaryal\Front Camp\ReactApp\src\MovieDetailed\MovieDetailedActions.js
FN:4,(anonymous_0)
FN:5,(anonymous_1)
FNF:2
FNH:0
FNDA:0,(anonymous_0)
FNDA:0,(anonymous_1)
DA:2,1
DA:3,1
DA:4,1
DA:5,1
LF:4
LH:4
BRF:0
BRH:0
end_of_record
TN:
SF:C:\Users\Nitin_Jaryal\Front Camp\ReactApp\src\NotFound\NotFound.js
FN:4,(anonymous_0)
FNF:1
FNH:1
FNDA:1,(anonymous_0)
DA:4,1
DA:5,1
LF:2
LH:2
BRF:0
BRH:0
end_of_record
TN:
SF:C:\Users\Nitin_Jaryal\Front Camp\ReactApp\src\Search\Search.js
FN:11,(anonymous_0)
FN:14,(anonymous_1)
FN:17,(anonymous_2)
FN:37,(anonymous_3)
FN:41,(anonymous_4)
FN:41,(anonymous_5)
FNF:6
FNH:2
FNDA:2,(anonymous_0)
FNDA:0,(anonymous_1)
FNDA:2,(anonymous_2)
FNDA:0,(anonymous_3)
FNDA:0,(anonymous_4)
FNDA:0,(anonymous_5)
DA:12,2
DA:14,2
DA:15,0
DA:18,2
DA:19,2
DA:32,1
DA:37,1
DA:41,1
DA:42,0
LF:9
LH:7
BRF:0
BRH:0
end_of_record
TN:
SF:C:\Users\Nitin_Jaryal\Front Camp\ReactApp\src\Search\SearchActions.js
FN:4,(anonymous_0)
FNF:1
FNH:0
FNDA:0,(anonymous_0)
DA:2,1
DA:4,1
LF:2
LH:2
BRF:0
BRH:0
end_of_record
TN:
SF:C:\Users\Nitin_Jaryal\Front Camp\ReactApp\src\SearchByType\SearchByType.js
FN:9,(anonymous_0)
FN:25,(anonymous_1)
FN:26,(anonymous_2)
FN:29,(anonymous_3)
FNF:4
FNH:1
FNDA:2,(anonymous_0)
FNDA:0,(anonymous_1)
FNDA:0,(anonymous_2)
FNDA:0,(anonymous_3)
DA:9,1
DA:12,2
DA:18,1
DA:23,1
DA:25,1
DA:27,0
DA:30,0
LF:7
LH:5
BRDA:14,0,0,1
BRDA:14,0,1,1
BRDA:15,1,0,0
BRDA:15,1,1,2
BRF:4
BRH:3
end_of_record
TN:
SF:C:\Users\Nitin_Jaryal\Front Camp\ReactApp\src\SearchByType\SearchByTypeActions.js
FN:4,(anonymous_0)
FN:5,(anonymous_1)
FNF:2
FNH:0
FNDA:0,(anonymous_0)
FNDA:0,(anonymous_1)
DA:1,1
DA:2,1
DA:4,1
DA:5,1
LF:4
LH:4
BRF:0
BRH:0
end_of_record
TN:
SF:C:\Users\Nitin_Jaryal\Front Camp\ReactApp\src\SearchByType\SearchByTypeReducer.js
FN:3,SearchByTypeReducer
FNF:1
FNH:1
FNDA:2,SearchByTypeReducer
DA:6,2
DA:8,0
DA:13,1
DA:18,1
LF:4
LH:3
BRDA:3,0,0,2
BRDA:6,1,0,0
BRDA:6,1,1,1
BRDA:6,1,2,1
BRF:4
BRH:3
end_of_record
TN:
SF:C:\Users\Nitin_Jaryal\Front Camp\ReactApp\src\SortByCategory\SortByCategory.js
FN:10,(anonymous_0)
FN:36,(anonymous_1)
FN:37,(anonymous_2)
FN:40,(anonymous_3)
FNF:4
FNH:1
FNDA:4,(anonymous_0)
FNDA:0,(anonymous_1)
FNDA:0,(anonymous_2)
FNDA:0,(anonymous_3)
DA:10,1
DA:13,4
DA:27,1
DA:34,1
DA:36,1
DA:38,0
DA:41,0
LF:7
LH:5
BRDA:22,0,0,3
BRDA:22,0,1,1
BRDA:23,1,0,0
BRDA:23,1,1,4
BRF:4
BRH:3
end_of_record
TN:
SF:C:\Users\Nitin_Jaryal\Front Camp\ReactApp\src\SortByCategory\SortByCategoryActions.js
FN:5,(anonymous_0)
FN:6,(anonymous_1)
FNF:2
FNH:0
FNDA:0,(anonymous_0)
FNDA:0,(anonymous_1)
DA:1,1
DA:2,1
DA:5,1
DA:6,1
LF:4
LH:4
BRF:0
BRH:0
end_of_record
TN:
SF:C:\Users\Nitin_Jaryal\Front Camp\ReactApp\src\SortByCategory\SortByCategoryReducer.js
FN:3,SortByCategoryReducer
FNF:1
FNH:1
FNDA:1,SortByCategoryReducer
DA:6,1
DA:8,0
DA:13,0
DA:18,1
LF:4
LH:2
BRDA:3,0,0,1
BRDA:6,1,0,0
BRDA:6,1,1,0
BRDA:6,1,2,1
BRF:4
BRH:2
end_of_record
TN:
SF:C:\Users\Nitin_Jaryal\Front Camp\ReactApp\src\components\common\Button.js
FN:3,(anonymous_0)
FNF:1
FNH:0
FNDA:0,(anonymous_0)
DA:3,3
LF:1
LH:1
BRF:0
BRH:0
end_of_record
